{"level":"info","message":"Hey! Log something?","service":"practice_winston_logger","timestamp":"2023-12-03 15:06:58"}
{"level":"info","message":"[1위] 처음부터 잘했으면 얼마나 좋니","service":"practice_winston_logger","timestamp":"2023-12-03 15:07:22"}
{"level":"info","message":"[2위] <본즈 앤 올> 궁지로 내몰린 10대를 보는 시선","service":"practice_winston_logger","timestamp":"2023-12-03 15:07:22"}
{"level":"info","message":"[3위] 경이로운 생生의 의지로 창조해낸 ‘페르시아어’","service":"practice_winston_logger","timestamp":"2023-12-03 15:07:22"}
{"level":"info","message":"[4위] 뻔하지 않은 사랑 영화","service":"practice_winston_logger","timestamp":"2023-12-03 15:07:22"}
{"level":"info","message":"[5위] 우린 아무것도 모른다, 틀렸다는\u001d것만 증명할 뿐…에올","service":"practice_winston_logger","timestamp":"2023-12-03 15:07:22"}
{"level":"info","message":"[6위] [영화리뷰] <더 메뉴>를 보고","service":"practice_winston_logger","timestamp":"2023-12-03 15:07:22"}
{"level":"info","message":"[7위] 진실한 삶의 태도를 제시하다","service":"practice_winston_logger","timestamp":"2023-12-03 15:07:22"}
{"level":"info","message":"[8위] 중요한 건 꺾이지 않는 마음","service":"practice_winston_logger","timestamp":"2023-12-03 15:07:22"}
{"level":"info","message":"[9위] 치즈버거 세트의 행복","service":"practice_winston_logger","timestamp":"2023-12-03 15:07:22"}
{"level":"info","message":"[10위] 즐기거나 놀리거나,","service":"practice_winston_logger","timestamp":"2023-12-03 15:07:22"}
{"level":"info","message":"[11위] [영화감상]오늘 밤, 세계에서 이 사랑이 사라진다 해도","service":"practice_winston_logger","timestamp":"2023-12-03 15:07:22"}
{"level":"info","message":"[12위] 아들을 구하고 싶다면 달려라","service":"practice_winston_logger","timestamp":"2023-12-03 15:07:22"}
{"level":"info","message":"[13위] 인생은 아름다워(2022)","service":"practice_winston_logger","timestamp":"2023-12-03 15:07:22"}
{"level":"info","message":"[14위] 영화 <사도>, 죽음의 문턱에 와서야 닿는 마음에 대해","service":"practice_winston_logger","timestamp":"2023-12-03 15:07:22"}
{"level":"info","message":"[15위] 스타워즈: 안도르","service":"practice_winston_logger","timestamp":"2023-12-03 15:07:22"}
{"level":"info","message":"[16위] 죽음의 문턱에서 거짓말로 살아남은 자의 고백","service":"practice_winston_logger","timestamp":"2023-12-03 15:07:22"}
{"level":"info","message":"[17위] 닫힌 마음 - 영화 '체리향기'","service":"practice_winston_logger","timestamp":"2023-12-03 15:07:22"}
{"level":"info","message":"[18위] <오늘 밤, 세계에서 이 사랑이 사라진다 해도> 리뷰","service":"practice_winston_logger","timestamp":"2023-12-03 15:07:22"}
{"level":"info","message":"[19위] <더 메뉴> 180만 원짜리 먹으러 와서 사레 걸린기분","service":"practice_winston_logger","timestamp":"2023-12-03 15:07:22"}
{"level":"info","message":"[20위] 닭장을 나온 백호 ","service":"practice_winston_logger","timestamp":"2023-12-03 15:07:22"}
